<?xml version="1.0" encoding="UTF-8"?>
<coverage generated="1691257017723" clover="3.2.0">
  <project timestamp="1691257017724" name="All files">
    <metrics statements="20" coveredstatements="20" conditionals="12" coveredconditionals="11" methods="7" coveredmethods="7" elements="39" coveredelements="38" complexity="0" loc="20" ncloc="20" packages="2" files="2" classes="2"/>
    <package name="services">
      <metrics statements="16" coveredstatements="16" conditionals="10" coveredconditionals="9" methods="6" coveredmethods="6"/>
      <file name="auth.js" path="/home/adithyasai/Desktop/Training/ConfigTypeScript/dist/services/auth.js">
        <metrics statements="16" coveredstatements="16" conditionals="10" coveredconditionals="9" methods="6" coveredmethods="6"/>
        <line num="4" count="4" type="stmt"/>
        <line num="5" count="4" type="cond" truecount="1" falsecount="1"/>
        <line num="6" count="4" type="cond" truecount="2" falsecount="0"/>
        <line num="9" count="4" type="stmt"/>
        <line num="15" count="2" type="stmt"/>
        <line num="18" count="8" type="cond" truecount="2" falsecount="0"/>
        <line num="19" count="8" type="cond" truecount="2" falsecount="0"/>
        <line num="20" count="6" type="stmt"/>
        <line num="22" count="2" type="stmt"/>
        <line num="23" count="2" type="stmt"/>
        <line num="26" count="5" type="cond" truecount="2" falsecount="0"/>
        <line num="27" count="4" type="stmt"/>
        <line num="28" count="4" type="stmt"/>
        <line num="29" count="4" type="stmt"/>
        <line num="30" count="4" type="stmt"/>
        <line num="32" count="1" type="stmt"/>
      </file>
    </package>
    <package name="types">
      <metrics statements="4" coveredstatements="4" conditionals="2" coveredconditionals="2" methods="1" coveredmethods="1"/>
      <file name="enum.js" path="/home/adithyasai/Desktop/Training/ConfigTypeScript/dist/types/enum.js">
        <metrics statements="4" coveredstatements="4" conditionals="2" coveredconditionals="2" methods="1" coveredmethods="1"/>
        <line num="2" count="2" type="stmt"/>
        <line num="3" count="2" type="stmt"/>
        <line num="4" count="2" type="stmt"/>
        <line num="5" count="2" type="stmt"/>
      </file>
    </package>
  </project>
</coverage>
