{"/home/adithyasai/Desktop/Training/ConfigTypeScript/dist/services/auth.js": {"path":"/home/adithyasai/Desktop/Training/ConfigTypeScript/dist/services/auth.js","statementMap":{"0":{"start":{"line":4,"column":26},"end":{"line":4,"column":55}},"1":{"start":{"line":5,"column":8},"end":{"line":5,"column":64}},"2":{"start":{"line":6,"column":8},"end":{"line":6,"column":56}},"3":{"start":{"line":9,"column":8},"end":{"line":9,"column":70}},"4":{"start":{"line":15,"column":8},"end":{"line":15,"column":52}},"5":{"start":{"line":18,"column":23},"end":{"line":18,"column":105}},"6":{"start":{"line":18,"column":68},"end":{"line":18,"column":103}},"7":{"start":{"line":19,"column":8},"end":{"line":21,"column":9}},"8":{"start":{"line":20,"column":12},"end":{"line":20,"column":25}},"9":{"start":{"line":22,"column":8},"end":{"line":22,"column":37}},"10":{"start":{"line":23,"column":8},"end":{"line":23,"column":20}},"11":{"start":{"line":26,"column":8},"end":{"line":31,"column":9}},"12":{"start":{"line":27,"column":25},"end":{"line":27,"column":46}},"13":{"start":{"line":28,"column":12},"end":{"line":28,"column":105}},"14":{"start":{"line":29,"column":12},"end":{"line":29,"column":28}},"15":{"start":{"line":30,"column":12},"end":{"line":30,"column":24}},"16":{"start":{"line":32,"column":8},"end":{"line":32,"column":21}}},"fnMap":{"0":{"name":"(anonymous_0)","decl":{"start":{"line":3,"column":4},"end":{"line":3,"column":5}},"loc":{"start":{"line":3,"column":18},"end":{"line":7,"column":5}},"line":3},"1":{"name":"(anonymous_1)","decl":{"start":{"line":8,"column":4},"end":{"line":8,"column":5}},"loc":{"start":{"line":8,"column":15},"end":{"line":10,"column":5}},"line":8},"2":{"name":"(anonymous_2)","decl":{"start":{"line":14,"column":4},"end":{"line":14,"column":5}},"loc":{"start":{"line":14,"column":21},"end":{"line":16,"column":5}},"line":14},"3":{"name":"(anonymous_3)","decl":{"start":{"line":17,"column":4},"end":{"line":17,"column":5}},"loc":{"start":{"line":17,"column":26},"end":{"line":24,"column":5}},"line":17},"4":{"name":"(anonymous_4)","decl":{"start":{"line":18,"column":43},"end":{"line":18,"column":44}},"loc":{"start":{"line":18,"column":68},"end":{"line":18,"column":103}},"line":18},"5":{"name":"(anonymous_5)","decl":{"start":{"line":25,"column":4},"end":{"line":25,"column":5}},"loc":{"start":{"line":25,"column":26},"end":{"line":33,"column":5}},"line":25}},"branchMap":{"0":{"loc":{"start":{"line":5,"column":25},"end":{"line":5,"column":63}},"type":"cond-expr","locations":[{"start":{"line":5,"column":37},"end":{"line":5,"column":58}},{"start":{"line":5,"column":61},"end":{"line":5,"column":63}}],"line":5},"1":{"loc":{"start":{"line":6,"column":21},"end":{"line":6,"column":54}},"type":"binary-expr","locations":[{"start":{"line":6,"column":21},"end":{"line":6,"column":48}},{"start":{"line":6,"column":52},"end":{"line":6,"column":54}}],"line":6},"2":{"loc":{"start":{"line":18,"column":68},"end":{"line":18,"column":103}},"type":"binary-expr","locations":[{"start":{"line":18,"column":68},"end":{"line":18,"column":82}},{"start":{"line":18,"column":86},"end":{"line":18,"column":103}}],"line":18},"3":{"loc":{"start":{"line":19,"column":8},"end":{"line":21,"column":9}},"type":"if","locations":[{"start":{"line":19,"column":8},"end":{"line":21,"column":9}},{"start":{},"end":{}}],"line":19},"4":{"loc":{"start":{"line":26,"column":8},"end":{"line":31,"column":9}},"type":"if","locations":[{"start":{"line":26,"column":8},"end":{"line":31,"column":9}},{"start":{},"end":{}}],"line":26}},"s":{"0":4,"1":4,"2":4,"3":4,"4":2,"5":8,"6":4,"7":8,"8":6,"9":2,"10":2,"11":5,"12":4,"13":4,"14":4,"15":4,"16":1},"f":{"0":4,"1":4,"2":2,"3":8,"4":4,"5":5},"b":{"0":[0,4],"1":[4,4],"2":[4,3],"3":[6,2],"4":[4,1]},"_coverageSchema":"1a1c01bbd47fc00a2c39e90264f33305004495a9","hash":"9f8a2d0d4431fb432e16564c57131e12382740c3"}
,"/home/adithyasai/Desktop/Training/ConfigTypeScript/dist/types/enum.js": {"path":"/home/adithyasai/Desktop/Training/ConfigTypeScript/dist/types/enum.js","statementMap":{"0":{"start":{"line":2,"column":0},"end":{"line":6,"column":36}},"1":{"start":{"line":3,"column":4},"end":{"line":3,"column":52}},"2":{"start":{"line":4,"column":4},"end":{"line":4,"column":56}},"3":{"start":{"line":5,"column":4},"end":{"line":5,"column":50}}},"fnMap":{"0":{"name":"(anonymous_0)","decl":{"start":{"line":2,"column":1},"end":{"line":2,"column":2}},"loc":{"start":{"line":2,"column":23},"end":{"line":6,"column":1}},"line":2}},"branchMap":{"0":{"loc":{"start":{"line":6,"column":3},"end":{"line":6,"column":34}},"type":"binary-expr","locations":[{"start":{"line":6,"column":3},"end":{"line":6,"column":13}},{"start":{"line":6,"column":18},"end":{"line":6,"column":33}}],"line":6}},"s":{"0":2,"1":2,"2":2,"3":2},"f":{"0":2},"b":{"0":[2,2]},"_coverageSchema":"1a1c01bbd47fc00a2c39e90264f33305004495a9","hash":"bb81a0572134f09b80883e61bb0cb6d1634da78b"}
}
