TN:
SF:dist/services/auth.js
FN:3,(anonymous_0)
FN:8,(anonymous_1)
FN:14,(anonymous_2)
FN:17,(anonymous_3)
FN:18,(anonymous_4)
FN:25,(anonymous_5)
FNF:6
FNH:6
FNDA:4,(anonymous_0)
FNDA:4,(anonymous_1)
FNDA:2,(anonymous_2)
FNDA:8,(anonymous_3)
FNDA:4,(anonymous_4)
FNDA:5,(anonymous_5)
DA:4,4
DA:5,4
DA:6,4
DA:9,4
DA:15,2
DA:18,8
DA:19,8
DA:20,6
DA:22,2
DA:23,2
DA:26,5
DA:27,4
DA:28,4
DA:29,4
DA:30,4
DA:32,1
LF:16
LH:16
BRDA:5,0,0,0
BRDA:5,0,1,4
BRDA:6,1,0,4
BRDA:6,1,1,4
BRDA:18,2,0,4
BRDA:18,2,1,3
BRDA:19,3,0,6
BRDA:19,3,1,2
BRDA:26,4,0,4
BRDA:26,4,1,1
BRF:10
BRH:9
end_of_record
TN:
SF:dist/types/enum.js
FN:2,(anonymous_0)
FNF:1
FNH:1
FNDA:2,(anonymous_0)
DA:2,2
DA:3,2
DA:4,2
DA:5,2
LF:4
LH:4
BRDA:6,0,0,2
BRDA:6,0,1,2
BRF:2
BRH:2
end_of_record
